\BOOKMARK [1][-]{Doc-Start}{\376\377\000I\000n\000t\000r\000o\000d\000u\000c\000t\000i\000o\000n}{}% 1
\BOOKMARK [1][-]{section.1}{\376\377\000C\000a\000b\000l\000e\000\040\000T\000r\000a\000c\000e\000r}{}% 2
\BOOKMARK [2][-]{subsection.1.1}{\376\377\000W\000o\000r\000k\000i\000n\000g\000\040\000P\000r\000i\000n\000c\000i\000p\000l\000e\000:}{section.1}% 3
\BOOKMARK [2][-]{subsection.1.2}{\376\377\000U\000s\000a\000g\000e\000\040\000i\000n\000\040\000L\000a\000b\000:}{section.1}% 4
\BOOKMARK [2][-]{subsection.1.3}{\376\377\000A\000d\000v\000a\000n\000t\000a\000g\000e\000s\000:}{section.1}% 5
\BOOKMARK [1][-]{section.2}{\376\377\000C\000a\000b\000l\000e\000\040\000T\000e\000s\000t\000e\000r}{}% 6
\BOOKMARK [2][-]{subsection.2.1}{\376\377\000U\000s\000a\000g\000e\000\040\000i\000n\000\040\000L\000a\000b\000:}{section.2}% 7
\BOOKMARK [2][-]{subsection.2.2}{\376\377\000B\000e\000n\000e\000f\000i\000t\000s\000:}{section.2}% 8
\BOOKMARK [1][-]{section.3}{\376\377\000T\000-\0005\0006\0008\000B\000\040\000W\000i\000r\000i\000n\000g\000\040\000S\000t\000a\000n\000d\000a\000r\000d}{}% 9
\BOOKMARK [2][-]{subsection.3.1}{\376\377\000C\000o\000l\000o\000r\000\040\000C\000o\000d\000e\000\040\000O\000r\000d\000e\000r}{section.3}% 10
\BOOKMARK [2][-]{subsection.3.2}{\376\377\000A\000p\000p\000l\000i\000c\000a\000t\000i\000o\000n\000s}{section.3}% 11
\BOOKMARK [2][-]{subsection.3.3}{\376\377\000S\000t\000r\000a\000i\000g\000h\000t\000-\000T\000h\000r\000o\000u\000g\000h\000\040\000a\000n\000d\000\040\000C\000r\000o\000s\000s\000o\000v\000e\000r\000\040\000C\000a\000b\000l\000e\000s}{section.3}% 12
\BOOKMARK [2][-]{subsection.3.4}{\376\377\000I\000m\000p\000o\000r\000t\000a\000n\000c\000e\000\040\000i\000n\000\040\000L\000a\000b}{section.3}% 13
\BOOKMARK [1][-]{section.4}{\376\377\000R\000S\000-\0002\0003\0002\000\040\000C\000a\000b\000l\000e}{}% 14
\BOOKMARK [2][-]{subsection.4.1}{\376\377\000P\000u\000r\000p\000o\000s\000e\000\040\000a\000n\000d\000\040\000F\000u\000n\000c\000t\000i\000o\000n}{section.4}% 15
\BOOKMARK [2][-]{subsection.4.2}{\376\377\000P\000h\000y\000s\000i\000c\000a\000l\000\040\000C\000h\000a\000r\000a\000c\000t\000e\000r\000i\000s\000t\000i\000c\000s}{section.4}% 16
\BOOKMARK [2][-]{subsection.4.3}{\376\377\000P\000i\000n\000\040\000C\000o\000n\000f\000i\000g\000u\000r\000a\000t\000i\000o\000n\000\040\000\050\000D\000B\0009\000\051}{section.4}% 17
\BOOKMARK [2][-]{subsection.4.4}{\376\377\000C\000o\000m\000m\000u\000n\000i\000c\000a\000t\000i\000o\000n\000\040\000S\000t\000a\000n\000d\000a\000r\000d}{section.4}% 18
\BOOKMARK [2][-]{subsection.4.5}{\376\377\000U\000s\000e\000\040\000i\000n\000\040\000L\000a\000b}{section.4}% 19
\BOOKMARK [1][-]{section.5}{\376\377\000F\000i\000b\000e\000r\000\040\000O\000p\000t\000i\000c\000\040\000\050\000D\000u\000p\000l\000e\000x\000\051\000\040\000C\000a\000b\000l\000e}{}% 20
\BOOKMARK [2][-]{subsection.5.1}{\376\377\000S\000t\000r\000u\000c\000t\000u\000r\000e\000\040\000a\000n\000d\000\040\000C\000o\000m\000p\000o\000s\000i\000t\000i\000o\000n}{section.5}% 21
\BOOKMARK [2][-]{subsection.5.2}{\376\377\000T\000y\000p\000e\000s\000\040\000o\000f\000\040\000F\000i\000b\000e\000r}{section.5}% 22
\BOOKMARK [2][-]{subsection.5.3}{\376\377\000A\000p\000p\000l\000i\000c\000a\000t\000i\000o\000n\000s\000\040\000i\000n\000\040\000N\000e\000t\000w\000o\000r\000k\000i\000n\000g}{section.5}% 23
\BOOKMARK [1][-]{section.6}{\376\377\000S\000F\000P\000\040\000M\000o\000d\000u\000l\000e}{}% 24
\BOOKMARK [2][-]{subsection.6.1}{\376\377\000F\000u\000n\000c\000t\000i\000o\000n\000a\000l\000i\000t\000y}{section.6}% 25
\BOOKMARK [2][-]{subsection.6.2}{\376\377\000T\000y\000p\000e\000s\000\040\000o\000f\000\040\000S\000F\000P\000\040\000M\000o\000d\000u\000l\000e\000s}{section.6}% 26
\BOOKMARK [2][-]{subsection.6.3}{\376\377\000A\000p\000p\000l\000i\000c\000a\000t\000i\000o\000n\000s\000\040\000i\000n\000\040\000N\000e\000t\000w\000o\000r\000k\000i\000n\000g}{section.6}% 27
\BOOKMARK [1][-]{section.7}{\376\377\000S\000w\000i\000t\000c\000h}{}% 28
\BOOKMARK [2][-]{subsection.7.1}{\376\377\000F\000u\000n\000c\000t\000i\000o\000n\000a\000l\000i\000t\000y}{section.7}% 29
\BOOKMARK [2][-]{subsection.7.2}{\376\377\000T\000y\000p\000e\000s\000\040\000o\000f\000\040\000S\000w\000i\000t\000c\000h\000e\000s}{section.7}% 30
\BOOKMARK [2][-]{subsection.7.3}{\376\377\000A\000p\000p\000l\000i\000c\000a\000t\000i\000o\000n\000s\000\040\000i\000n\000\040\000N\000e\000t\000w\000o\000r\000k\000i\000n\000g}{section.7}% 31
\BOOKMARK [2][-]{subsection.7.4}{\376\377\000I\000m\000p\000o\000r\000t\000a\000n\000c\000e\000\040\000i\000n\000\040\000L\000a\000b}{section.7}% 32
\BOOKMARK [1][-]{section.8}{\376\377\000R\000o\000u\000t\000e\000r\000\040\000C\000o\000n\000f\000i\000g\000u\000r\000a\000t\000i\000o\000n}{}% 33
\BOOKMARK [1][-]{section.9}{\376\377\000S\000w\000i\000t\000c\000h\000\040\000t\000o\000\040\000R\000o\000u\000t\000e\000r\000\040\000C\000o\000n\000n\000e\000c\000t\000i\000o\000n}{}% 34
\BOOKMARK [1][-]{section.10}{\376\377\000O\000S\000I\000\040\000M\000o\000d\000e\000l}{}% 35
